<?xml version="1.0" encoding="UTF-8"?>
<!-- Generated by org.testng.reporters.JUnitReportReporter -->
<testsuite hostname="INPN-LAP-0068" failures="0" tests="1" name="Byonic.ByonicProject.Tests.SmartCampaignsTest.TC06_VerifyCampFiltersAndReport" time="95.568" errors="0" timestamp="2021-11-24T13:46:10 IST" skipped="0">
  <testcase classname="Byonic.ByonicProject.Tests.SmartCampaignsTest.TC06_VerifyCampFiltersAndReport" name="TC06_toVerifyCampaignFiltersAndRepotrsDownload" time="95.568"/>
  <system-out/>
</testsuite> <!-- Byonic.ByonicProject.Tests.SmartCampaignsTest.TC06_VerifyCampFiltersAndReport -->
