<?xml version="1.0" encoding="UTF-8"?>
<!-- Generated by org.testng.reporters.JUnitReportReporter -->
<testsuite hostname="INPN-LAP-0068" failures="0" tests="1" name="Byonic.ByonicProject.Tests.LinkTests.TC_LinksCheckup" time="46.114" errors="0" timestamp="2021-11-17T11:52:36 IST" skipped="0">
  <testcase classname="Byonic.ByonicProject.Tests.LinkTests.TC_LinksCheckup" name="TC_toVerifyLinksCheckup" time="46.114"/>
  <system-out/>
</testsuite> <!-- Byonic.ByonicProject.Tests.LinkTests.TC_LinksCheckup -->
