<?xml version="1.0" encoding="UTF-8"?>
<!-- Generated by org.testng.reporters.JUnitReportReporter -->
<testsuite hostname="INPN-LAP-0068" failures="0" tests="1" name="Byonic.ByonicProject.Tests.POCs.ScrollByVisibleElement" time="39.620" errors="0" timestamp="2021-11-17T10:02:10 IST" skipped="0">
  <testcase classname="Byonic.ByonicProject.Tests.POCs.ScrollByVisibleElement" name="ByVisibleElement" time="39.620"/>
  <system-out/>
</testsuite> <!-- Byonic.ByonicProject.Tests.POCs.ScrollByVisibleElement -->
