<?xml version="1.0" encoding="UTF-8"?>
<!-- Generated by org.testng.reporters.JUnitReportReporter -->
<testsuite hostname="INPN-LAP-0068" failures="0" tests="1" name="Byonic.ByonicProject.Tests.SmartCampaignsTest.TC05_verifyFilters" time="12.662" errors="0" timestamp="2021-10-21T18:34:40 IST" skipped="0">
  <testcase classname="Byonic.ByonicProject.Tests.SmartCampaignsTest.TC05_verifyFilters" name="TC05_toVerifyFiltersAndReset" time="12.662"/>
  <system-out/>
</testsuite> <!-- Byonic.ByonicProject.Tests.SmartCampaignsTest.TC05_verifyFilters -->
