<?xml version="1.0" encoding="UTF-8"?>
<!-- Generated by org.testng.reporters.JUnitReportReporter -->
<testsuite hostname="INPN-LAP-0068" failures="0" tests="1" name="Byonic.ByonicProject.Tests.TC01_verifyLogin" time="42.575" errors="0" timestamp="2021-10-14T17:43:32 IST" skipped="0">
  <testcase classname="Byonic.ByonicProject.Tests.TC01_verifyLogin" name="TC01_verifyLoginFunction" time="42.575"/>
  <system-out/>
</testsuite> <!-- Byonic.ByonicProject.Tests.TC01_verifyLogin -->
